c:\users\hyok1\source\repos\20230129\20230129\x64\debug\vc143.pdb
c:\users\hyok1\source\repos\20230129\20230129\x64\debug\vc143.idb
c:\users\hyok1\source\repos\20230129\20230129\x64\debug\20230129-3.obj
c:\users\hyok1\source\repos\20230129\20230129\x64\debug\20230129-2.obj
c:\users\hyok1\source\repos\20230129\20230129\x64\debug\20230129-1.obj
c:\users\hyok1\source\repos\20230129\20230129\x64\debug\boundcheckarray.obj
c:\users\hyok1\source\repos\20230129\20230129\x64\debug\20230129-4.obj
c:\users\hyok1\source\repos\20230129\20230129\x64\debug\point.obj
c:\users\hyok1\source\repos\20230129\x64\debug\20230129.exe
c:\users\hyok1\source\repos\20230129\20230129\x64\debug\20230129.ilk
c:\users\hyok1\source\repos\20230129\x64\debug\20230129.pdb
c:\users\hyok1\source\repos\20230129\20230129\x64\debug\20230129.tlog\cl.command.1.tlog
c:\users\hyok1\source\repos\20230129\20230129\x64\debug\20230129.tlog\cl.read.1.tlog
c:\users\hyok1\source\repos\20230129\20230129\x64\debug\20230129.tlog\cl.write.1.tlog
c:\users\hyok1\source\repos\20230129\20230129\x64\debug\20230129.tlog\link-cvtres.read.1.tlog
c:\users\hyok1\source\repos\20230129\20230129\x64\debug\20230129.tlog\link-cvtres.write.1.tlog
c:\users\hyok1\source\repos\20230129\20230129\x64\debug\20230129.tlog\link-rc.read.1.tlog
c:\users\hyok1\source\repos\20230129\20230129\x64\debug\20230129.tlog\link-rc.write.1.tlog
c:\users\hyok1\source\repos\20230129\20230129\x64\debug\20230129.tlog\link.24852-cvtres.read.1.tlog
c:\users\hyok1\source\repos\20230129\20230129\x64\debug\20230129.tlog\link.24852-cvtres.write.1.tlog
c:\users\hyok1\source\repos\20230129\20230129\x64\debug\20230129.tlog\link.24852-rc.read.1.tlog
c:\users\hyok1\source\repos\20230129\20230129\x64\debug\20230129.tlog\link.24852-rc.write.1.tlog
c:\users\hyok1\source\repos\20230129\20230129\x64\debug\20230129.tlog\link.24852.read.1.tlog
c:\users\hyok1\source\repos\20230129\20230129\x64\debug\20230129.tlog\link.24852.read.2.tlog
c:\users\hyok1\source\repos\20230129\20230129\x64\debug\20230129.tlog\link.24852.write.1.tlog
c:\users\hyok1\source\repos\20230129\20230129\x64\debug\20230129.tlog\link.command.1.tlog
c:\users\hyok1\source\repos\20230129\20230129\x64\debug\20230129.tlog\link.read.1.tlog
c:\users\hyok1\source\repos\20230129\20230129\x64\debug\20230129.tlog\link.read.2.tlog
c:\users\hyok1\source\repos\20230129\20230129\x64\debug\20230129.tlog\link.read.3.tlog
c:\users\hyok1\source\repos\20230129\20230129\x64\debug\20230129.tlog\link.write.1.tlog
