  CStudent.cpp
C:\Users\hyok1\source\repos\Project7\Project7\CStudent.cpp(26,13): error C2593: 'operator <<'이(가) 모호합니다.
C:\Users\hyok1\source\repos\Project7\Project7\CStudent.cpp(24,10): message : 'std::ostream &operator <<(std::ostream &,const CStudent &)'일 수 있습니다.
C:\Users\hyok1\source\repos\Project7\Project7\CStudent.h(19,18): message : 또는       'std::ostream &operator <<(std::ostream &,const CStudent)'[인수 종속성을 조회하여 발견]
C:\Users\hyok1\source\repos\Project7\Project7\CStudent.cpp(26,13): message : 인수 목록 '(std::basic_ostream<char,std::char_traits<char>>, const CStudent)'을(를) 일치시키는 동안
C:\Users\hyok1\source\repos\Project7\Project7\CStudent.cpp(26,29): error C2146: 구문 오류: ';'이(가) 'm_nid' 식별자 앞에 없습니다.
C:\Users\hyok1\source\repos\Project7\Project7\CStudent.cpp(26,29): error C2065: 'm_nid': 선언되지 않은 식별자입니다.
C:\Users\hyok1\source\repos\Project7\Project7\CStudent.cpp(26,42): error C2563: 정식 매개 변수 목록과 일치하지 않는 항목이 있습니다.
C:\Users\hyok1\source\repos\Project7\Project7\CStudent.cpp(26,42): error C2568: '<<': 함수 오버로드를 확인할 수 없습니다.
C:\Users\hyok1\source\repos\Project7\Project7\CStudent.cpp(26,42): message : 'std::basic_ostream<_Elem,_Traits> &std::endl(std::basic_ostream<_Elem,_Traits> &)'일 수 있습니다.
C:\Users\hyok1\source\repos\Project7\Project7\CStudent.cpp(27,41): error C2593: 'operator <<'이(가) 모호합니다.
C:\Users\hyok1\source\repos\Project7\Project7\CStudent.cpp(24,10): message : 'std::ostream &operator <<(std::ostream &,const CStudent &)'일 수 있습니다.
C:\Users\hyok1\source\repos\Project7\Project7\CStudent.h(19,18): message : 또는       'std::ostream &operator <<(std::ostream &,const CStudent)'[인수 종속성을 조회하여 발견]
C:\Users\hyok1\source\repos\Project7\Project7\CStudent.cpp(27,41): message : 인수 목록 '(std::basic_ostream<char,std::char_traits<char>>, const CStudent)'을(를) 일치시키는 동안
C:\Users\hyok1\source\repos\Project7\Project7\CStudent.cpp(27,31): error C2146: 구문 오류: ';'이(가) 'm_strname' 식별자 앞에 없습니다.
C:\Users\hyok1\source\repos\Project7\Project7\CStudent.cpp(27,31): error C2065: 'm_strname': 선언되지 않은 식별자입니다.
C:\Users\hyok1\source\repos\Project7\Project7\CStudent.cpp(27,48): error C2563: 정식 매개 변수 목록과 일치하지 않는 항목이 있습니다.
C:\Users\hyok1\source\repos\Project7\Project7\CStudent.cpp(27,48): error C2568: '<<': 함수 오버로드를 확인할 수 없습니다.
C:\Users\hyok1\source\repos\Project7\Project7\CStudent.cpp(27,48): message : 'std::basic_ostream<_Elem,_Traits> &std::endl(std::basic_ostream<_Elem,_Traits> &)'일 수 있습니다.
  소스.cpp
C:\Users\hyok1\source\repos\Project7\Project7\소스.cpp(8,30): error C2248: 'CStudent::CStudent': private 멤버('CStudent' 클래스에서 선언)에 액세스할 수 없습니다.
C:\Users\hyok1\source\repos\Project7\Project7\CStudent.h(12): message : 'CStudent::CStudent' 선언을 참조하십시오.
C:\Users\hyok1\source\repos\Project7\Project7\CStudent.h(8): message : 'CStudent' 선언을 참조하십시오.
  코드를 생성하고 있습니다...
