c:\users\hyok1\source\repos\table\table\x64\debug\vc143.pdb
c:\users\hyok1\source\repos\table\table\x64\debug\vc143.idb
c:\users\hyok1\source\repos\table\table\x64\debug\main1.obj
c:\users\hyok1\source\repos\table\table\x64\debug\cphone.obj
c:\users\hyok1\source\repos\table\table\x64\debug\main2.obj
c:\users\hyok1\source\repos\table\x64\debug\table.pdb
c:\users\hyok1\source\repos\table\table\x64\debug\table.tlog\cl.command.1.tlog
c:\users\hyok1\source\repos\table\table\x64\debug\table.tlog\cl.read.1.tlog
c:\users\hyok1\source\repos\table\table\x64\debug\table.tlog\cl.write.1.tlog
c:\users\hyok1\source\repos\table\table\x64\debug\table.tlog\link-cvtres.read.1.tlog
c:\users\hyok1\source\repos\table\table\x64\debug\table.tlog\link-cvtres.write.1.tlog
c:\users\hyok1\source\repos\table\table\x64\debug\table.tlog\link-rc.read.1.tlog
c:\users\hyok1\source\repos\table\table\x64\debug\table.tlog\link-rc.write.1.tlog
c:\users\hyok1\source\repos\table\table\x64\debug\table.tlog\link.31684-cvtres.read.1.tlog
c:\users\hyok1\source\repos\table\table\x64\debug\table.tlog\link.31684-cvtres.write.1.tlog
c:\users\hyok1\source\repos\table\table\x64\debug\table.tlog\link.31684-rc.read.1.tlog
c:\users\hyok1\source\repos\table\table\x64\debug\table.tlog\link.31684-rc.write.1.tlog
c:\users\hyok1\source\repos\table\table\x64\debug\table.tlog\link.31684.read.1.tlog
c:\users\hyok1\source\repos\table\table\x64\debug\table.tlog\link.31684.read.2.tlog
c:\users\hyok1\source\repos\table\table\x64\debug\table.tlog\link.31684.write.1.tlog
c:\users\hyok1\source\repos\table\table\x64\debug\table.tlog\link.command.1.tlog
c:\users\hyok1\source\repos\table\table\x64\debug\table.tlog\link.read.1.tlog
c:\users\hyok1\source\repos\table\table\x64\debug\table.tlog\link.read.2.tlog
c:\users\hyok1\source\repos\table\table\x64\debug\table.tlog\link.read.3.tlog
c:\users\hyok1\source\repos\table\table\x64\debug\table.tlog\link.write.1.tlog
